2017/10/15 19:14:52 [error] [exception.CHttpException.403] exception 'CHttpException' with message 'You are not authorized to perform this action.' in D:\Programs\xampp\htdocs\yii116books\framework\web\auth\CAccessControlFilter.php:182
Stack trace:
#0 D:\Programs\xampp\htdocs\yii116books\framework\web\auth\CAccessControlFilter.php(145): CAccessControlFilter->accessDenied(Object(CWebUser), 'You are not aut...')
#1 D:\Programs\xampp\htdocs\yii116books\framework\web\filters\CFilter.php(38): CAccessControlFilter->preFilter(Object(CFilterChain))
#2 D:\Programs\xampp\htdocs\yii116books\framework\web\CController.php(1145): CFilter->filter(Object(CFilterChain))
#3 D:\Programs\xampp\htdocs\yii116books\framework\web\filters\CInlineFilter.php(58): CController->filterAccessControl(Object(CFilterChain))
#4 D:\Programs\xampp\htdocs\yii116books\framework\web\filters\CFilterChain.php(130): CInlineFilter->filter(Object(CFilterChain))
#5 D:\Programs\xampp\htdocs\yii116books\framework\web\CController.php(291): CFilterChain->run()
#6 D:\Programs\xampp\htdocs\yii116books\framework\web\CController.php(265): CController->runActionWithFilters(Object(CInlineAction), Array)
#7 D:\Programs\xampp\htdocs\yii116books\framework\web\CWebApplication.php(282): CController->run('admin')
#8 D:\Programs\xampp\htdocs\yii116books\framework\web\CWebApplication.php(141): CWebApplication->runController('author/admin')
#9 D:\Programs\xampp\htdocs\yii116books\framework\base\CApplication.php(184): CWebApplication->processRequest()
#10 D:\Programs\xampp\htdocs\yii116books\index.php(13): CApplication->run()
#11 {main}
REQUEST_URI=/yii116books/index.php/author/admin
HTTP_REFERER=http://localhost/yii116books/index.php/site/login
---
2017/10/15 19:19:53 [error] [exception.CException] exception 'CException' with message 'CWebUser and its behaviors do not have a method or closure named "isAdmin".' in D:\Programs\xampp\htdocs\yii116books\framework\base\CComponent.php:266
Stack trace:
#0 D:\Programs\xampp\htdocs\yii116books\protected\views\author\view.php(15): CComponent->__call('isAdmin', Array)
#1 D:\Programs\xampp\htdocs\yii116books\protected\views\author\view.php(15): CWebUser->isAdmin()
#2 D:\Programs\xampp\htdocs\yii116books\framework\web\CBaseController.php(126): require('D:\\Programs\\xam...')
#3 D:\Programs\xampp\htdocs\yii116books\framework\web\CBaseController.php(95): CBaseController->renderInternal('D:\\Programs\\xam...', Array, true)
#4 D:\Programs\xampp\htdocs\yii116books\framework\web\CController.php(869): CBaseController->renderFile('D:\\Programs\\xam...', Array, true)
#5 D:\Programs\xampp\htdocs\yii116books\framework\web\CController.php(782): CController->renderPartial('view', Array, true)
#6 D:\Programs\xampp\htdocs\yii116books\protected\controllers\AuthorController.php(56): CController->render('view', Array)
#7 [internal function]: AuthorController->actionView('1')
#8 D:\Programs\xampp\htdocs\yii116books\framework\web\actions\CAction.php(109): ReflectionMethod->invokeArgs(Object(AuthorController), Array)
#9 D:\Programs\xampp\htdocs\yii116books\framework\web\actions\CInlineAction.php(47): CAction->runWithParamsInternal(Object(AuthorController), Object(ReflectionMethod), Array)
#10 D:\Programs\xampp\htdocs\yii116books\framework\web\CController.php(308): CInlineAction->runWithParams(Array)
#11 D:\Programs\xampp\htdocs\yii116books\framework\web\filters\CFilterChain.php(133): CController->runAction(Object(CInlineAction))
#12 D:\Programs\xampp\htdocs\yii116books\framework\web\filters\CFilter.php(40): CFilterChain->run()
#13 D:\Programs\xampp\htdocs\yii116books\framework\web\CController.php(1145): CFilter->filter(Object(CFilterChain))
#14 D:\Programs\xampp\htdocs\yii116books\framework\web\filters\CInlineFilter.php(58): CController->filterAccessControl(Object(CFilterChain))
#15 D:\Programs\xampp\htdocs\yii116books\framework\web\filters\CFilterChain.php(130): CInlineFilter->filter(Object(CFilterChain))
#16 D:\Programs\xampp\htdocs\yii116books\framework\web\CController.php(291): CFilterChain->run()
#17 D:\Programs\xampp\htdocs\yii116books\framework\web\CController.php(265): CController->runActionWithFilters(Object(CInlineAction), Array)
#18 D:\Programs\xampp\htdocs\yii116books\framework\web\CWebApplication.php(282): CController->run('view')
#19 D:\Programs\xampp\htdocs\yii116books\framework\web\CWebApplication.php(141): CWebApplication->runController('author/view')
#20 D:\Programs\xampp\htdocs\yii116books\framework\base\CApplication.php(184): CWebApplication->processRequest()
#21 D:\Programs\xampp\htdocs\yii116books\index.php(13): CApplication->run()
#22 {main}
REQUEST_URI=/yii116books/index.php/author/1
HTTP_REFERER=http://localhost/yii116books/index.php/author
---
2017/10/15 19:21:55 [error] [exception.CException] exception 'CException' with message 'Property "CWebUser.isAdmin" is not defined.' in D:\Programs\xampp\htdocs\yii116books\framework\base\CComponent.php:130
Stack trace:
#0 D:\Programs\xampp\htdocs\yii116books\framework\web\auth\CWebUser.php(146): CComponent->__get('isAdmin')
#1 D:\Programs\xampp\htdocs\yii116books\protected\views\author\view.php(15): CWebUser->__get('isAdmin')
#2 D:\Programs\xampp\htdocs\yii116books\framework\web\CBaseController.php(126): require('D:\\Programs\\xam...')
#3 D:\Programs\xampp\htdocs\yii116books\framework\web\CBaseController.php(95): CBaseController->renderInternal('D:\\Programs\\xam...', Array, true)
#4 D:\Programs\xampp\htdocs\yii116books\framework\web\CController.php(869): CBaseController->renderFile('D:\\Programs\\xam...', Array, true)
#5 D:\Programs\xampp\htdocs\yii116books\framework\web\CController.php(782): CController->renderPartial('view', Array, true)
#6 D:\Programs\xampp\htdocs\yii116books\protected\controllers\AuthorController.php(56): CController->render('view', Array)
#7 [internal function]: AuthorController->actionView('1')
#8 D:\Programs\xampp\htdocs\yii116books\framework\web\actions\CAction.php(109): ReflectionMethod->invokeArgs(Object(AuthorController), Array)
#9 D:\Programs\xampp\htdocs\yii116books\framework\web\actions\CInlineAction.php(47): CAction->runWithParamsInternal(Object(AuthorController), Object(ReflectionMethod), Array)
#10 D:\Programs\xampp\htdocs\yii116books\framework\web\CController.php(308): CInlineAction->runWithParams(Array)
#11 D:\Programs\xampp\htdocs\yii116books\framework\web\filters\CFilterChain.php(133): CController->runAction(Object(CInlineAction))
#12 D:\Programs\xampp\htdocs\yii116books\framework\web\filters\CFilter.php(40): CFilterChain->run()
#13 D:\Programs\xampp\htdocs\yii116books\framework\web\CController.php(1145): CFilter->filter(Object(CFilterChain))
#14 D:\Programs\xampp\htdocs\yii116books\framework\web\filters\CInlineFilter.php(58): CController->filterAccessControl(Object(CFilterChain))
#15 D:\Programs\xampp\htdocs\yii116books\framework\web\filters\CFilterChain.php(130): CInlineFilter->filter(Object(CFilterChain))
#16 D:\Programs\xampp\htdocs\yii116books\framework\web\CController.php(291): CFilterChain->run()
#17 D:\Programs\xampp\htdocs\yii116books\framework\web\CController.php(265): CController->runActionWithFilters(Object(CInlineAction), Array)
#18 D:\Programs\xampp\htdocs\yii116books\framework\web\CWebApplication.php(282): CController->run('view')
#19 D:\Programs\xampp\htdocs\yii116books\framework\web\CWebApplication.php(141): CWebApplication->runController('author/view')
#20 D:\Programs\xampp\htdocs\yii116books\framework\base\CApplication.php(184): CWebApplication->processRequest()
#21 D:\Programs\xampp\htdocs\yii116books\index.php(13): CApplication->run()
#22 {main}
REQUEST_URI=/yii116books/index.php/author/1
HTTP_REFERER=http://localhost/yii116books/index.php/author
---
2017/10/15 19:22:48 [error] [exception.CException] exception 'CException' with message 'Property "CWebUser.isAdmin" is not defined.' in D:\Programs\xampp\htdocs\yii116books\framework\base\CComponent.php:130
Stack trace:
#0 D:\Programs\xampp\htdocs\yii116books\framework\web\auth\CWebUser.php(146): CComponent->__get('isAdmin')
#1 D:\Programs\xampp\htdocs\yii116books\protected\views\author\view.php(15): CWebUser->__get('isAdmin')
#2 D:\Programs\xampp\htdocs\yii116books\framework\web\CBaseController.php(126): require('D:\\Programs\\xam...')
#3 D:\Programs\xampp\htdocs\yii116books\framework\web\CBaseController.php(95): CBaseController->renderInternal('D:\\Programs\\xam...', Array, true)
#4 D:\Programs\xampp\htdocs\yii116books\framework\web\CController.php(869): CBaseController->renderFile('D:\\Programs\\xam...', Array, true)
#5 D:\Programs\xampp\htdocs\yii116books\framework\web\CController.php(782): CController->renderPartial('view', Array, true)
#6 D:\Programs\xampp\htdocs\yii116books\protected\controllers\AuthorController.php(56): CController->render('view', Array)
#7 [internal function]: AuthorController->actionView('1')
#8 D:\Programs\xampp\htdocs\yii116books\framework\web\actions\CAction.php(109): ReflectionMethod->invokeArgs(Object(AuthorController), Array)
#9 D:\Programs\xampp\htdocs\yii116books\framework\web\actions\CInlineAction.php(47): CAction->runWithParamsInternal(Object(AuthorController), Object(ReflectionMethod), Array)
#10 D:\Programs\xampp\htdocs\yii116books\framework\web\CController.php(308): CInlineAction->runWithParams(Array)
#11 D:\Programs\xampp\htdocs\yii116books\framework\web\filters\CFilterChain.php(133): CController->runAction(Object(CInlineAction))
#12 D:\Programs\xampp\htdocs\yii116books\framework\web\filters\CFilter.php(40): CFilterChain->run()
#13 D:\Programs\xampp\htdocs\yii116books\framework\web\CController.php(1145): CFilter->filter(Object(CFilterChain))
#14 D:\Programs\xampp\htdocs\yii116books\framework\web\filters\CInlineFilter.php(58): CController->filterAccessControl(Object(CFilterChain))
#15 D:\Programs\xampp\htdocs\yii116books\framework\web\filters\CFilterChain.php(130): CInlineFilter->filter(Object(CFilterChain))
#16 D:\Programs\xampp\htdocs\yii116books\framework\web\CController.php(291): CFilterChain->run()
#17 D:\Programs\xampp\htdocs\yii116books\framework\web\CController.php(265): CController->runActionWithFilters(Object(CInlineAction), Array)
#18 D:\Programs\xampp\htdocs\yii116books\framework\web\CWebApplication.php(282): CController->run('view')
#19 D:\Programs\xampp\htdocs\yii116books\framework\web\CWebApplication.php(141): CWebApplication->runController('author/view')
#20 D:\Programs\xampp\htdocs\yii116books\framework\base\CApplication.php(184): CWebApplication->processRequest()
#21 D:\Programs\xampp\htdocs\yii116books\index.php(13): CApplication->run()
#22 {main}
REQUEST_URI=/yii116books/index.php/author/1
HTTP_REFERER=http://localhost/yii116books/index.php/author
---
2017/10/15 19:23:07 [error] [exception.CException] exception 'CException' with message 'CWebUser and its behaviors do not have a method or closure named "isAdmin".' in D:\Programs\xampp\htdocs\yii116books\framework\base\CComponent.php:266
Stack trace:
#0 D:\Programs\xampp\htdocs\yii116books\protected\views\author\view.php(15): CComponent->__call('isAdmin', Array)
#1 D:\Programs\xampp\htdocs\yii116books\protected\views\author\view.php(15): CWebUser->isAdmin()
#2 D:\Programs\xampp\htdocs\yii116books\framework\web\CBaseController.php(126): require('D:\\Programs\\xam...')
#3 D:\Programs\xampp\htdocs\yii116books\framework\web\CBaseController.php(95): CBaseController->renderInternal('D:\\Programs\\xam...', Array, true)
#4 D:\Programs\xampp\htdocs\yii116books\framework\web\CController.php(869): CBaseController->renderFile('D:\\Programs\\xam...', Array, true)
#5 D:\Programs\xampp\htdocs\yii116books\framework\web\CController.php(782): CController->renderPartial('view', Array, true)
#6 D:\Programs\xampp\htdocs\yii116books\protected\controllers\AuthorController.php(56): CController->render('view', Array)
#7 [internal function]: AuthorController->actionView('1')
#8 D:\Programs\xampp\htdocs\yii116books\framework\web\actions\CAction.php(109): ReflectionMethod->invokeArgs(Object(AuthorController), Array)
#9 D:\Programs\xampp\htdocs\yii116books\framework\web\actions\CInlineAction.php(47): CAction->runWithParamsInternal(Object(AuthorController), Object(ReflectionMethod), Array)
#10 D:\Programs\xampp\htdocs\yii116books\framework\web\CController.php(308): CInlineAction->runWithParams(Array)
#11 D:\Programs\xampp\htdocs\yii116books\framework\web\filters\CFilterChain.php(133): CController->runAction(Object(CInlineAction))
#12 D:\Programs\xampp\htdocs\yii116books\framework\web\filters\CFilter.php(40): CFilterChain->run()
#13 D:\Programs\xampp\htdocs\yii116books\framework\web\CController.php(1145): CFilter->filter(Object(CFilterChain))
#14 D:\Programs\xampp\htdocs\yii116books\framework\web\filters\CInlineFilter.php(58): CController->filterAccessControl(Object(CFilterChain))
#15 D:\Programs\xampp\htdocs\yii116books\framework\web\filters\CFilterChain.php(130): CInlineFilter->filter(Object(CFilterChain))
#16 D:\Programs\xampp\htdocs\yii116books\framework\web\CController.php(291): CFilterChain->run()
#17 D:\Programs\xampp\htdocs\yii116books\framework\web\CController.php(265): CController->runActionWithFilters(Object(CInlineAction), Array)
#18 D:\Programs\xampp\htdocs\yii116books\framework\web\CWebApplication.php(282): CController->run('view')
#19 D:\Programs\xampp\htdocs\yii116books\framework\web\CWebApplication.php(141): CWebApplication->runController('author/view')
#20 D:\Programs\xampp\htdocs\yii116books\framework\base\CApplication.php(184): CWebApplication->processRequest()
#21 D:\Programs\xampp\htdocs\yii116books\index.php(13): CApplication->run()
#22 {main}
REQUEST_URI=/yii116books/index.php/author/1
HTTP_REFERER=http://localhost/yii116books/index.php/author
---
2017/10/15 19:23:14 [error] [exception.CException] exception 'CException' with message 'Property "CWebUser.isAdmin" is not defined.' in D:\Programs\xampp\htdocs\yii116books\framework\base\CComponent.php:130
Stack trace:
#0 D:\Programs\xampp\htdocs\yii116books\framework\web\auth\CWebUser.php(146): CComponent->__get('isAdmin')
#1 D:\Programs\xampp\htdocs\yii116books\protected\views\author\view.php(15): CWebUser->__get('isAdmin')
#2 D:\Programs\xampp\htdocs\yii116books\framework\web\CBaseController.php(126): require('D:\\Programs\\xam...')
#3 D:\Programs\xampp\htdocs\yii116books\framework\web\CBaseController.php(95): CBaseController->renderInternal('D:\\Programs\\xam...', Array, true)
#4 D:\Programs\xampp\htdocs\yii116books\framework\web\CController.php(869): CBaseController->renderFile('D:\\Programs\\xam...', Array, true)
#5 D:\Programs\xampp\htdocs\yii116books\framework\web\CController.php(782): CController->renderPartial('view', Array, true)
#6 D:\Programs\xampp\htdocs\yii116books\protected\controllers\AuthorController.php(56): CController->render('view', Array)
#7 [internal function]: AuthorController->actionView('1')
#8 D:\Programs\xampp\htdocs\yii116books\framework\web\actions\CAction.php(109): ReflectionMethod->invokeArgs(Object(AuthorController), Array)
#9 D:\Programs\xampp\htdocs\yii116books\framework\web\actions\CInlineAction.php(47): CAction->runWithParamsInternal(Object(AuthorController), Object(ReflectionMethod), Array)
#10 D:\Programs\xampp\htdocs\yii116books\framework\web\CController.php(308): CInlineAction->runWithParams(Array)
#11 D:\Programs\xampp\htdocs\yii116books\framework\web\filters\CFilterChain.php(133): CController->runAction(Object(CInlineAction))
#12 D:\Programs\xampp\htdocs\yii116books\framework\web\filters\CFilter.php(40): CFilterChain->run()
#13 D:\Programs\xampp\htdocs\yii116books\framework\web\CController.php(1145): CFilter->filter(Object(CFilterChain))
#14 D:\Programs\xampp\htdocs\yii116books\framework\web\filters\CInlineFilter.php(58): CController->filterAccessControl(Object(CFilterChain))
#15 D:\Programs\xampp\htdocs\yii116books\framework\web\filters\CFilterChain.php(130): CInlineFilter->filter(Object(CFilterChain))
#16 D:\Programs\xampp\htdocs\yii116books\framework\web\CController.php(291): CFilterChain->run()
#17 D:\Programs\xampp\htdocs\yii116books\framework\web\CController.php(265): CController->runActionWithFilters(Object(CInlineAction), Array)
#18 D:\Programs\xampp\htdocs\yii116books\framework\web\CWebApplication.php(282): CController->run('view')
#19 D:\Programs\xampp\htdocs\yii116books\framework\web\CWebApplication.php(141): CWebApplication->runController('author/view')
#20 D:\Programs\xampp\htdocs\yii116books\framework\base\CApplication.php(184): CWebApplication->processRequest()
#21 D:\Programs\xampp\htdocs\yii116books\index.php(13): CApplication->run()
#22 {main}
REQUEST_URI=/yii116books/index.php/author/1
HTTP_REFERER=http://localhost/yii116books/index.php/author
---
2017/10/16 01:08:03 [error] [exception.CException] exception 'CException' with message 'Property "CWebUser.isAdmin" is not defined.' in D:\Programs\xampp\htdocs\yii116books\framework\base\CComponent.php:130
Stack trace:
#0 D:\Programs\xampp\htdocs\yii116books\framework\web\auth\CWebUser.php(146): CComponent->__get('isAdmin')
#1 D:\Programs\xampp\htdocs\yii116books\protected\views\author\index.php(11): CWebUser->__get('isAdmin')
#2 D:\Programs\xampp\htdocs\yii116books\framework\web\CBaseController.php(126): require('D:\\Programs\\xam...')
#3 D:\Programs\xampp\htdocs\yii116books\framework\web\CBaseController.php(95): CBaseController->renderInternal('D:\\Programs\\xam...', Array, true)
#4 D:\Programs\xampp\htdocs\yii116books\framework\web\CController.php(869): CBaseController->renderFile('D:\\Programs\\xam...', Array, true)
#5 D:\Programs\xampp\htdocs\yii116books\framework\web\CController.php(782): CController->renderPartial('index', Array, true)
#6 D:\Programs\xampp\htdocs\yii116books\protected\controllers\AuthorController.php(175): CController->render('index', Array)
#7 D:\Programs\xampp\htdocs\yii116books\framework\web\actions\CInlineAction.php(49): AuthorController->actionIndex()
#8 D:\Programs\xampp\htdocs\yii116books\framework\web\CController.php(308): CInlineAction->runWithParams(Array)
#9 D:\Programs\xampp\htdocs\yii116books\framework\web\filters\CFilterChain.php(133): CController->runAction(Object(CInlineAction))
#10 D:\Programs\xampp\htdocs\yii116books\framework\web\filters\CFilter.php(40): CFilterChain->run()
#11 D:\Programs\xampp\htdocs\yii116books\framework\web\CController.php(1145): CFilter->filter(Object(CFilterChain))
#12 D:\Programs\xampp\htdocs\yii116books\framework\web\filters\CInlineFilter.php(58): CController->filterAccessControl(Object(CFilterChain))
#13 D:\Programs\xampp\htdocs\yii116books\framework\web\filters\CFilterChain.php(130): CInlineFilter->filter(Object(CFilterChain))
#14 D:\Programs\xampp\htdocs\yii116books\framework\web\CController.php(291): CFilterChain->run()
#15 D:\Programs\xampp\htdocs\yii116books\framework\web\CController.php(265): CController->runActionWithFilters(Object(CInlineAction), Array)
#16 D:\Programs\xampp\htdocs\yii116books\framework\web\CWebApplication.php(282): CController->run('')
#17 D:\Programs\xampp\htdocs\yii116books\framework\web\CWebApplication.php(141): CWebApplication->runController('author')
#18 D:\Programs\xampp\htdocs\yii116books\framework\base\CApplication.php(184): CWebApplication->processRequest()
#19 D:\Programs\xampp\htdocs\yii116books\index.php(13): CApplication->run()
#20 {main}
REQUEST_URI=/yii116books/index.php/author
HTTP_REFERER=http://localhost/yii116books/index.php/site/login
---
2017/10/16 01:08:34 [error] [exception.CException] exception 'CException' with message 'Property "CWebUser.isAdmin" is not defined.' in D:\Programs\xampp\htdocs\yii116books\framework\base\CComponent.php:130
Stack trace:
#0 D:\Programs\xampp\htdocs\yii116books\framework\web\auth\CWebUser.php(146): CComponent->__get('isAdmin')
#1 D:\Programs\xampp\htdocs\yii116books\protected\views\author\index.php(11): CWebUser->__get('isAdmin')
#2 D:\Programs\xampp\htdocs\yii116books\framework\web\CBaseController.php(126): require('D:\\Programs\\xam...')
#3 D:\Programs\xampp\htdocs\yii116books\framework\web\CBaseController.php(95): CBaseController->renderInternal('D:\\Programs\\xam...', Array, true)
#4 D:\Programs\xampp\htdocs\yii116books\framework\web\CController.php(869): CBaseController->renderFile('D:\\Programs\\xam...', Array, true)
#5 D:\Programs\xampp\htdocs\yii116books\framework\web\CController.php(782): CController->renderPartial('index', Array, true)
#6 D:\Programs\xampp\htdocs\yii116books\protected\controllers\AuthorController.php(175): CController->render('index', Array)
#7 D:\Programs\xampp\htdocs\yii116books\framework\web\actions\CInlineAction.php(49): AuthorController->actionIndex()
#8 D:\Programs\xampp\htdocs\yii116books\framework\web\CController.php(308): CInlineAction->runWithParams(Array)
#9 D:\Programs\xampp\htdocs\yii116books\framework\web\filters\CFilterChain.php(133): CController->runAction(Object(CInlineAction))
#10 D:\Programs\xampp\htdocs\yii116books\framework\web\filters\CFilter.php(40): CFilterChain->run()
#11 D:\Programs\xampp\htdocs\yii116books\framework\web\CController.php(1145): CFilter->filter(Object(CFilterChain))
#12 D:\Programs\xampp\htdocs\yii116books\framework\web\filters\CInlineFilter.php(58): CController->filterAccessControl(Object(CFilterChain))
#13 D:\Programs\xampp\htdocs\yii116books\framework\web\filters\CFilterChain.php(130): CInlineFilter->filter(Object(CFilterChain))
#14 D:\Programs\xampp\htdocs\yii116books\framework\web\CController.php(291): CFilterChain->run()
#15 D:\Programs\xampp\htdocs\yii116books\framework\web\CController.php(265): CController->runActionWithFilters(Object(CInlineAction), Array)
#16 D:\Programs\xampp\htdocs\yii116books\framework\web\CWebApplication.php(282): CController->run('')
#17 D:\Programs\xampp\htdocs\yii116books\framework\web\CWebApplication.php(141): CWebApplication->runController('author')
#18 D:\Programs\xampp\htdocs\yii116books\framework\base\CApplication.php(184): CWebApplication->processRequest()
#19 D:\Programs\xampp\htdocs\yii116books\index.php(13): CApplication->run()
#20 {main}
REQUEST_URI=/yii116books/index.php/author
HTTP_REFERER=http://localhost/yii116books/index.php/book/create
---
2017/10/16 01:11:11 [error] [exception.CException] exception 'CException' with message 'Property "CWebUser.isAdmin" is not defined.' in D:\Programs\xampp\htdocs\yii116books\framework\base\CComponent.php:130
Stack trace:
#0 D:\Programs\xampp\htdocs\yii116books\framework\web\auth\CWebUser.php(146): CComponent->__get('isAdmin')
#1 D:\Programs\xampp\htdocs\yii116books\protected\views\author\index.php(11): CWebUser->__get('isAdmin')
#2 D:\Programs\xampp\htdocs\yii116books\framework\web\CBaseController.php(126): require('D:\\Programs\\xam...')
#3 D:\Programs\xampp\htdocs\yii116books\framework\web\CBaseController.php(95): CBaseController->renderInternal('D:\\Programs\\xam...', Array, true)
#4 D:\Programs\xampp\htdocs\yii116books\framework\web\CController.php(869): CBaseController->renderFile('D:\\Programs\\xam...', Array, true)
#5 D:\Programs\xampp\htdocs\yii116books\framework\web\CController.php(782): CController->renderPartial('index', Array, true)
#6 D:\Programs\xampp\htdocs\yii116books\protected\controllers\AuthorController.php(175): CController->render('index', Array)
#7 D:\Programs\xampp\htdocs\yii116books\framework\web\actions\CInlineAction.php(49): AuthorController->actionIndex()
#8 D:\Programs\xampp\htdocs\yii116books\framework\web\CController.php(308): CInlineAction->runWithParams(Array)
#9 D:\Programs\xampp\htdocs\yii116books\framework\web\filters\CFilterChain.php(133): CController->runAction(Object(CInlineAction))
#10 D:\Programs\xampp\htdocs\yii116books\framework\web\filters\CFilter.php(40): CFilterChain->run()
#11 D:\Programs\xampp\htdocs\yii116books\framework\web\CController.php(1145): CFilter->filter(Object(CFilterChain))
#12 D:\Programs\xampp\htdocs\yii116books\framework\web\filters\CInlineFilter.php(58): CController->filterAccessControl(Object(CFilterChain))
#13 D:\Programs\xampp\htdocs\yii116books\framework\web\filters\CFilterChain.php(130): CInlineFilter->filter(Object(CFilterChain))
#14 D:\Programs\xampp\htdocs\yii116books\framework\web\CController.php(291): CFilterChain->run()
#15 D:\Programs\xampp\htdocs\yii116books\framework\web\CController.php(265): CController->runActionWithFilters(Object(CInlineAction), Array)
#16 D:\Programs\xampp\htdocs\yii116books\framework\web\CWebApplication.php(282): CController->run('')
#17 D:\Programs\xampp\htdocs\yii116books\framework\web\CWebApplication.php(141): CWebApplication->runController('author')
#18 D:\Programs\xampp\htdocs\yii116books\framework\base\CApplication.php(184): CWebApplication->processRequest()
#19 D:\Programs\xampp\htdocs\yii116books\index.php(13): CApplication->run()
#20 {main}
REQUEST_URI=/yii116books/index.php/author
HTTP_REFERER=http://localhost/yii116books/index.php/book/create
---
2017/10/16 01:16:21 [error] [exception.CException] exception 'CException' with message 'Property "CWebUser.isAdmin" is not defined.' in D:\Programs\xampp\htdocs\yii116books\framework\base\CComponent.php:130
Stack trace:
#0 D:\Programs\xampp\htdocs\yii116books\framework\web\auth\CWebUser.php(146): CComponent->__get('isAdmin')
#1 D:\Programs\xampp\htdocs\yii116books\protected\views\author\index.php(11): CWebUser->__get('isAdmin')
#2 D:\Programs\xampp\htdocs\yii116books\framework\web\CBaseController.php(126): require('D:\\Programs\\xam...')
#3 D:\Programs\xampp\htdocs\yii116books\framework\web\CBaseController.php(95): CBaseController->renderInternal('D:\\Programs\\xam...', Array, true)
#4 D:\Programs\xampp\htdocs\yii116books\framework\web\CController.php(869): CBaseController->renderFile('D:\\Programs\\xam...', Array, true)
#5 D:\Programs\xampp\htdocs\yii116books\framework\web\CController.php(782): CController->renderPartial('index', Array, true)
#6 D:\Programs\xampp\htdocs\yii116books\protected\controllers\AuthorController.php(175): CController->render('index', Array)
#7 D:\Programs\xampp\htdocs\yii116books\framework\web\actions\CInlineAction.php(49): AuthorController->actionIndex()
#8 D:\Programs\xampp\htdocs\yii116books\framework\web\CController.php(308): CInlineAction->runWithParams(Array)
#9 D:\Programs\xampp\htdocs\yii116books\framework\web\filters\CFilterChain.php(133): CController->runAction(Object(CInlineAction))
#10 D:\Programs\xampp\htdocs\yii116books\framework\web\filters\CFilter.php(40): CFilterChain->run()
#11 D:\Programs\xampp\htdocs\yii116books\framework\web\CController.php(1145): CFilter->filter(Object(CFilterChain))
#12 D:\Programs\xampp\htdocs\yii116books\framework\web\filters\CInlineFilter.php(58): CController->filterAccessControl(Object(CFilterChain))
#13 D:\Programs\xampp\htdocs\yii116books\framework\web\filters\CFilterChain.php(130): CInlineFilter->filter(Object(CFilterChain))
#14 D:\Programs\xampp\htdocs\yii116books\framework\web\CController.php(291): CFilterChain->run()
#15 D:\Programs\xampp\htdocs\yii116books\framework\web\CController.php(265): CController->runActionWithFilters(Object(CInlineAction), Array)
#16 D:\Programs\xampp\htdocs\yii116books\framework\web\CWebApplication.php(282): CController->run('')
#17 D:\Programs\xampp\htdocs\yii116books\framework\web\CWebApplication.php(141): CWebApplication->runController('author')
#18 D:\Programs\xampp\htdocs\yii116books\framework\base\CApplication.php(184): CWebApplication->processRequest()
#19 D:\Programs\xampp\htdocs\yii116books\index.php(13): CApplication->run()
#20 {main}
REQUEST_URI=/yii116books/index.php/author
---
2017/10/16 01:18:39 [error] [exception.CException] exception 'CException' with message 'Property "CWebUser.isAdmin" is not defined.' in D:\Programs\xampp\htdocs\yii116books\framework\base\CComponent.php:130
Stack trace:
#0 D:\Programs\xampp\htdocs\yii116books\framework\web\auth\CWebUser.php(146): CComponent->__get('isAdmin')
#1 D:\Programs\xampp\htdocs\yii116books\protected\views\book\index.php(11): CWebUser->__get('isAdmin')
#2 D:\Programs\xampp\htdocs\yii116books\framework\web\CBaseController.php(126): require('D:\\Programs\\xam...')
#3 D:\Programs\xampp\htdocs\yii116books\framework\web\CBaseController.php(95): CBaseController->renderInternal('D:\\Programs\\xam...', Array, true)
#4 D:\Programs\xampp\htdocs\yii116books\framework\web\CController.php(869): CBaseController->renderFile('D:\\Programs\\xam...', Array, true)
#5 D:\Programs\xampp\htdocs\yii116books\framework\web\CController.php(782): CController->renderPartial('index', Array, true)
#6 D:\Programs\xampp\htdocs\yii116books\protected\controllers\BookController.php(208): CController->render('index', Array)
#7 D:\Programs\xampp\htdocs\yii116books\framework\web\actions\CInlineAction.php(49): BookController->actionIndex()
#8 D:\Programs\xampp\htdocs\yii116books\framework\web\CController.php(308): CInlineAction->runWithParams(Array)
#9 D:\Programs\xampp\htdocs\yii116books\framework\web\filters\CFilterChain.php(133): CController->runAction(Object(CInlineAction))
#10 D:\Programs\xampp\htdocs\yii116books\framework\web\filters\CFilter.php(40): CFilterChain->run()
#11 D:\Programs\xampp\htdocs\yii116books\framework\web\CController.php(1145): CFilter->filter(Object(CFilterChain))
#12 D:\Programs\xampp\htdocs\yii116books\framework\web\filters\CInlineFilter.php(58): CController->filterAccessControl(Object(CFilterChain))
#13 D:\Programs\xampp\htdocs\yii116books\framework\web\filters\CFilterChain.php(130): CInlineFilter->filter(Object(CFilterChain))
#14 D:\Programs\xampp\htdocs\yii116books\framework\web\CController.php(291): CFilterChain->run()
#15 D:\Programs\xampp\htdocs\yii116books\framework\web\CController.php(265): CController->runActionWithFilters(Object(CInlineAction), Array)
#16 D:\Programs\xampp\htdocs\yii116books\framework\web\CWebApplication.php(282): CController->run('')
#17 D:\Programs\xampp\htdocs\yii116books\framework\web\CWebApplication.php(141): CWebApplication->runController('book')
#18 D:\Programs\xampp\htdocs\yii116books\framework\base\CApplication.php(184): CWebApplication->processRequest()
#19 D:\Programs\xampp\htdocs\yii116books\index.php(13): CApplication->run()
#20 {main}
REQUEST_URI=/yii116books/index.php/book
HTTP_REFERER=http://localhost/yii116books/index.php/site/login
---
2017/10/16 01:18:45 [error] [exception.CException] exception 'CException' with message 'Property "CWebUser.isAdmin" is not defined.' in D:\Programs\xampp\htdocs\yii116books\framework\base\CComponent.php:130
Stack trace:
#0 D:\Programs\xampp\htdocs\yii116books\framework\web\auth\CWebUser.php(146): CComponent->__get('isAdmin')
#1 D:\Programs\xampp\htdocs\yii116books\protected\views\publisher\index.php(11): CWebUser->__get('isAdmin')
#2 D:\Programs\xampp\htdocs\yii116books\framework\web\CBaseController.php(126): require('D:\\Programs\\xam...')
#3 D:\Programs\xampp\htdocs\yii116books\framework\web\CBaseController.php(95): CBaseController->renderInternal('D:\\Programs\\xam...', Array, true)
#4 D:\Programs\xampp\htdocs\yii116books\framework\web\CController.php(869): CBaseController->renderFile('D:\\Programs\\xam...', Array, true)
#5 D:\Programs\xampp\htdocs\yii116books\framework\web\CController.php(782): CController->renderPartial('index', Array, true)
#6 D:\Programs\xampp\htdocs\yii116books\protected\controllers\PublisherController.php(136): CController->render('index', Array)
#7 D:\Programs\xampp\htdocs\yii116books\framework\web\actions\CInlineAction.php(49): PublisherController->actionIndex()
#8 D:\Programs\xampp\htdocs\yii116books\framework\web\CController.php(308): CInlineAction->runWithParams(Array)
#9 D:\Programs\xampp\htdocs\yii116books\framework\web\filters\CFilterChain.php(133): CController->runAction(Object(CInlineAction))
#10 D:\Programs\xampp\htdocs\yii116books\framework\web\filters\CFilter.php(40): CFilterChain->run()
#11 D:\Programs\xampp\htdocs\yii116books\framework\web\CController.php(1145): CFilter->filter(Object(CFilterChain))
#12 D:\Programs\xampp\htdocs\yii116books\framework\web\filters\CInlineFilter.php(58): CController->filterAccessControl(Object(CFilterChain))
#13 D:\Programs\xampp\htdocs\yii116books\framework\web\filters\CFilterChain.php(130): CInlineFilter->filter(Object(CFilterChain))
#14 D:\Programs\xampp\htdocs\yii116books\framework\web\CController.php(291): CFilterChain->run()
#15 D:\Programs\xampp\htdocs\yii116books\framework\web\CController.php(265): CController->runActionWithFilters(Object(CInlineAction), Array)
#16 D:\Programs\xampp\htdocs\yii116books\framework\web\CWebApplication.php(282): CController->run('')
#17 D:\Programs\xampp\htdocs\yii116books\framework\web\CWebApplication.php(141): CWebApplication->runController('publisher')
#18 D:\Programs\xampp\htdocs\yii116books\framework\base\CApplication.php(184): CWebApplication->processRequest()
#19 D:\Programs\xampp\htdocs\yii116books\index.php(13): CApplication->run()
#20 {main}
REQUEST_URI=/yii116books/index.php/publisher
HTTP_REFERER=http://localhost/yii116books/index.php/site/login
---
2017/10/16 01:19:07 [error] [exception.CException] exception 'CException' with message 'Property "CWebUser.isAdmin" is not defined.' in D:\Programs\xampp\htdocs\yii116books\framework\base\CComponent.php:130
Stack trace:
#0 D:\Programs\xampp\htdocs\yii116books\framework\web\auth\CWebUser.php(146): CComponent->__get('isAdmin')
#1 D:\Programs\xampp\htdocs\yii116books\protected\views\publisher\index.php(11): CWebUser->__get('isAdmin')
#2 D:\Programs\xampp\htdocs\yii116books\framework\web\CBaseController.php(126): require('D:\\Programs\\xam...')
#3 D:\Programs\xampp\htdocs\yii116books\framework\web\CBaseController.php(95): CBaseController->renderInternal('D:\\Programs\\xam...', Array, true)
#4 D:\Programs\xampp\htdocs\yii116books\framework\web\CController.php(869): CBaseController->renderFile('D:\\Programs\\xam...', Array, true)
#5 D:\Programs\xampp\htdocs\yii116books\framework\web\CController.php(782): CController->renderPartial('index', Array, true)
#6 D:\Programs\xampp\htdocs\yii116books\protected\controllers\PublisherController.php(136): CController->render('index', Array)
#7 D:\Programs\xampp\htdocs\yii116books\framework\web\actions\CInlineAction.php(49): PublisherController->actionIndex()
#8 D:\Programs\xampp\htdocs\yii116books\framework\web\CController.php(308): CInlineAction->runWithParams(Array)
#9 D:\Programs\xampp\htdocs\yii116books\framework\web\filters\CFilterChain.php(133): CController->runAction(Object(CInlineAction))
#10 D:\Programs\xampp\htdocs\yii116books\framework\web\filters\CFilter.php(40): CFilterChain->run()
#11 D:\Programs\xampp\htdocs\yii116books\framework\web\CController.php(1145): CFilter->filter(Object(CFilterChain))
#12 D:\Programs\xampp\htdocs\yii116books\framework\web\filters\CInlineFilter.php(58): CController->filterAccessControl(Object(CFilterChain))
#13 D:\Programs\xampp\htdocs\yii116books\framework\web\filters\CFilterChain.php(130): CInlineFilter->filter(Object(CFilterChain))
#14 D:\Programs\xampp\htdocs\yii116books\framework\web\CController.php(291): CFilterChain->run()
#15 D:\Programs\xampp\htdocs\yii116books\framework\web\CController.php(265): CController->runActionWithFilters(Object(CInlineAction), Array)
#16 D:\Programs\xampp\htdocs\yii116books\framework\web\CWebApplication.php(282): CController->run('')
#17 D:\Programs\xampp\htdocs\yii116books\framework\web\CWebApplication.php(141): CWebApplication->runController('publisher')
#18 D:\Programs\xampp\htdocs\yii116books\framework\base\CApplication.php(184): CWebApplication->processRequest()
#19 D:\Programs\xampp\htdocs\yii116books\index.php(13): CApplication->run()
#20 {main}
REQUEST_URI=/yii116books/index.php/publisher
HTTP_REFERER=http://localhost/yii116books/index.php/site/login
---
2017/10/16 02:51:59 [warning] [application] Failed to set unsafe attribute "img_path" of "Book".
in D:\Programs\xampp\htdocs\yii116books\protected\controllers\BookController.php (74)
in D:\Programs\xampp\htdocs\yii116books\index.php (13)
2017/10/16 02:54:32 [warning] [application] Failed to set unsafe attribute "img_path" of "Book".
in D:\Programs\xampp\htdocs\yii116books\protected\controllers\BookController.php (74)
in D:\Programs\xampp\htdocs\yii116books\index.php (13)
2017/10/16 03:43:39 [error] [exception.CHttpException.404] exception 'CHttpException' with message 'The system is unable to find the requested action "index.php".' in D:\Programs\xampp\htdocs\yii116books\framework\web\CController.php:483
Stack trace:
#0 D:\Programs\xampp\htdocs\yii116books\framework\web\CController.php(270): CController->missingAction('index.php')
#1 D:\Programs\xampp\htdocs\yii116books\framework\web\CWebApplication.php(282): CController->run('index.php')
#2 D:\Programs\xampp\htdocs\yii116books\framework\web\CWebApplication.php(141): CWebApplication->runController('site/index.php')
#3 D:\Programs\xampp\htdocs\yii116books\framework\base\CApplication.php(184): CWebApplication->processRequest()
#4 D:\Programs\xampp\htdocs\yii116books\index.php(12): CApplication->run()
#5 {main}
REQUEST_URI=/yii116books/index.php/site/index.php
HTTP_REFERER=http://localhost/yii116books/index.php/book
---
